0 info it worked if it ends with ok
1 verbose cli [ '/usr/bin/nodejs', '/usr/bin/npm', 'run', 'writerOrder' ]
2 info using npm@3.5.2
3 info using node@v4.2.6
4 verbose run-script [ 'prewriterOrder', 'writerOrder', 'postwriterOrder' ]
5 info lifecycle sew@1.0.0~prewriterOrder: sew@1.0.0
6 silly lifecycle sew@1.0.0~prewriterOrder: no script for prewriterOrder, continuing
7 info lifecycle sew@1.0.0~writerOrder: sew@1.0.0
8 verbose lifecycle sew@1.0.0~writerOrder: unsafe-perm in lifecycle true
9 verbose lifecycle sew@1.0.0~writerOrder: PATH: /usr/share/npm/bin/node-gyp-bin:/var/www/html/sew/node_modules/.bin:/usr/local/sbin:/usr/local/bin:/usr/sbin:/usr/bin:/sbin:/bin
10 verbose lifecycle sew@1.0.0~writerOrder: CWD: /var/www/html/sew
11 silly lifecycle sew@1.0.0~writerOrder: Args: [ '-c',
11 silly lifecycle   'webpack ./public/src/WriterNew/orderView.js ./public/dist/writerOrderView.js -p' ]
12 info lifecycle sew@1.0.0~writerOrder: Failed to exec writerOrder script
13 verbose stack Error: sew@1.0.0 writerOrder: `webpack ./public/src/WriterNew/orderView.js ./public/dist/writerOrderView.js -p`
13 verbose stack spawn ENOENT
13 verbose stack     at ChildProcess.<anonymous> (/usr/share/npm/lib/utils/spawn.js:17:16)
13 verbose stack     at emitTwo (events.js:87:13)
13 verbose stack     at ChildProcess.emit (events.js:172:7)
13 verbose stack     at maybeClose (internal/child_process.js:821:16)
13 verbose stack     at Process.ChildProcess._handle.onexit (internal/child_process.js:211:5)
14 verbose pkgid sew@1.0.0
15 verbose cwd /var/www/html/sew
16 error Linux 4.4.6-galliumos
17 error argv "/usr/bin/nodejs" "/usr/bin/npm" "run" "writerOrder"
18 error node v4.2.6
19 error npm  v3.5.2
20 error file sh
21 error code ELIFECYCLE
22 error errno ENOENT
23 error syscall spawn
24 error sew@1.0.0 writerOrder: `webpack ./public/src/WriterNew/orderView.js ./public/dist/writerOrderView.js -p`
24 error spawn ENOENT
25 error Failed at the sew@1.0.0 writerOrder script 'webpack ./public/src/WriterNew/orderView.js ./public/dist/writerOrderView.js -p'.
25 error Make sure you have the latest version of node.js and npm installed.
25 error If you do, this is most likely a problem with the sew package,
25 error not with npm itself.
25 error Tell the author that this fails on your system:
25 error     webpack ./public/src/WriterNew/orderView.js ./public/dist/writerOrderView.js -p
25 error You can get information on how to open an issue for this project with:
25 error     npm bugs sew
25 error Or if that isn't available, you can get their info via:
25 error     npm owner ls sew
25 error There is likely additional logging output above.
26 verbose exit [ 1, true ]
